2021-06-24 14:58:56 ERROR - Для сущности CASE QUEUE RELATION не была найдена соотвествующая таблица. Таблицу необходимо добавить вручную.
2021-06-24 14:58:56 ERROR - Для сущности CSM SWITCH COMMAND не была найдена соотвествующая таблица. Таблицу необходимо добавить вручную.
2021-06-24 14:58:56 ERROR - Для сущности CONFIDENTIALITY CLASS не была найдена соотвествующая таблица. Таблицу необходимо добавить вручную.
2021-06-24 14:58:56 ERROR - Нет нужных колонок в таблице 
DOL_SERVICE
2021-06-24 14:58:56 ERROR - Нет нужных колонок в таблице DOL_SRV_SOCFTR
2021-06-24 14:58:56 ERROR - Нет нужных колонок в таблице PP_CRDLIM_RESTRICTION
2021-06-24 14:58:56 ERROR - Нет нужных колонок в таблице NL_SEARCH_RULE.
2021-06-24 14:58:56 ERROR - Нет нужных колонок в таблице SOC_THRESHOLD_AMT	
2021-06-24 14:58:56 ERROR - Нет нужных колонок в таблице ANF_ACTS	
2021-06-24 14:58:56 ERROR - Нет нужных колонок в таблице REPLICATION_TABLES
2021-06-24 14:58:56 ERROR - Нет нужных колонок в таблице NAPIERR
2021-06-24 14:58:56 ERROR - Нет нужных колонок в таблице NAPI_REQUEST_RANGES
2021-06-24 14:58:56 ERROR - Нет нужных колонок в таблице TRANSIT_SOC_MAPPING
2021-06-24 14:58:56 ERROR - Нет нужных колонок в таблице TRANSIT_FTR_MAPPING
2021-06-24 14:58:56 ERROR - Нет нужных колонок в таблице DOC_MASK_DATA
2021-06-24 14:58:56 ERROR - Нет нужных колонок в таблице DOC_MAP_DATA
2021-06-24 14:58:56 ERROR - Нет нужных колонок в таблице CURR_POSS_RESTR
2021-06-24 14:58:56 ERROR - Нет нужных колонок в таблице SOC_PRESENTATION
2021-06-24 14:58:56 ERROR - Нет нужных колонок в таблице HLR_MARKET_RELATION
2021-06-24 14:58:56 ERROR - Нет нужных колонок в таблице DS_BOX_TIMEOUT
2021-06-24 14:58:56 ERROR - Нет нужных колонок в таблице CSM_ACTIVITY_RT_TRX
2021-06-24 14:58:56 ERROR - Нет нужных колонок в таблице ECARE_ACTS
2021-06-24 14:58:56 ERROR - Нет нужных колонок в таблице SOC_CLASSIFIER
2021-06-24 14:58:56 ERROR - Нет нужных колонок в таблице PPM_SOC_MIGRATION
2021-06-24 14:58:56 ERROR - Нет нужных колонок в таблице PPM_AT_MIGRATION
2021-06-24 15:09:21 ERROR - Для сущности CASE QUEUE RELATION не была найдена соотвествующая таблица. Таблицу необходимо добавить вручную.
2021-06-24 15:09:21 ERROR - Для сущности CSM SWITCH COMMAND не была найдена соотвествующая таблица. Таблицу необходимо добавить вручную.
2021-06-24 15:09:21 ERROR - Для сущности CONFIDENTIALITY CLASS не была найдена соотвествующая таблица. Таблицу необходимо добавить вручную.
2021-06-24 15:10:21 ERROR - Для сущности CASE QUEUE RELATION не была найдена соотвествующая таблица. Таблицу необходимо добавить вручную.
2021-06-24 15:10:21 ERROR - Для сущности CSM SWITCH COMMAND не была найдена соотвествующая таблица. Таблицу необходимо добавить вручную.
2021-06-24 15:10:21 ERROR - Для сущности CONFIDENTIALITY CLASS не была найдена соотвествующая таблица. Таблицу необходимо добавить вручную.
2021-06-24 16:50:00 ERROR - Для сущности Subscriber History (SUBSCRIBER_HISTORY) не была найдена соотвествующая таблица. Таблицу необходимо добавить вручную.
2021-06-24 16:50:00 ERROR - Для сущности CSM Transactions History (CSM_TRANSACTIONS_HISTORY) не была найдена соотвествующая таблица. Таблицу необходимо добавить вручную.
2021-06-24 17:02:44 ERROR - Для сущности Subscriber History (SUBSCRIBER_HISTORY) не была найдена соотвествующая таблица. Таблицу необходимо добавить вручную.
2021-06-24 17:02:44 ERROR - Для сущности CSM Transactions History (CSM_TRANSACTIONS_HISTORY) не была найдена соотвествующая таблица. Таблицу необходимо добавить вручную.
2021-06-24 17:02:59 ERROR - Для сущности CSM Transactions History (CSM_TRANSACTIONS_HISTORY) не была найдена соотвествующая таблица. Таблицу необходимо добавить вручную.
2021-06-24 18:17:52 ERROR - Для сущности Credit/Debit Link History (CDL_HISTORY) не была найдена соотвествующая таблица. Таблицу необходимо добавить вручную.
2021-06-24 18:20:53 ERROR - Для сущности Credit/Debit Link History (CDL_HISTORY) не была найдена соотвествующая таблица. Таблицу необходимо добавить вручную.
2021-06-24 18:21:11 ERROR - Для сущности Credit/Debit Link History (CDL_HISTORY) не была найдена соотвествующая таблица. Таблицу необходимо добавить вручную.
2021-06-24 18:25:00 ERROR - Для сущности Credit/Debit Link History (CDL_HISTORY) не была найдена соотвествующая таблица. Таблицу необходимо добавить вручную.
2021-06-24 18:26:20 ERROR - Для сущности Credit/Debit Link History (CDL_HISTORY) не была найдена соотвествующая таблица. Таблицу необходимо добавить вручную.
2021-06-24 18:41:06 ERROR - Для сущности Credit/Debit Link History (CDL_HISTORY) не была найдена соотвествующая таблица. Таблицу необходимо добавить вручную.
2021-06-24 18:42:24 ERROR - Для сущности Credit/Debit Link History (CDL_HISTORY) не была найдена соотвествующая таблица. Таблицу необходимо добавить вручную.
2021-06-24 19:00:10 ERROR - Для сущности Subscriber History (SUBSCRIBER_HISTORY) не была найдена соотвествующая таблица. Таблицу необходимо добавить вручную.
2021-06-24 19:00:10 ERROR - Для сущности CSM Transactions History (CSM_TRANSACTIONS_HISTORY) не была найдена соотвествующая таблица. Таблицу необходимо добавить вручную.
2021-06-24 19:01:11 ERROR - Для сущности CSM Transactions History (CSM_TRANSACTIONS_HISTORY) не была найдена соотвествующая таблица. Таблицу необходимо добавить вручную.
2021-06-25 11:16:02 WARN  - Обнаружена таблица Software Version: не описывающая Job
2021-06-25 11:21:21 WARN  - Обнаружена таблица Software Ver. не описывающая Job
2021-06-25 11:21:21 WARN  - Обнаружена таблица Soft-ware Version не описывающая Job
2021-06-25 11:29:59 WARN  - Обнаружена таблица Software Version: не описывающая Job
2021-06-25 11:30:48 WARN  - Обнаружена таблица Software Ver. не описывающая Job
2021-06-25 11:30:48 WARN  - Обнаружена таблица Soft-ware Version не описывающая Job
2021-06-25 11:31:37 WARN  - Обнаружена таблица Software Version: не описывающая Job
2021-06-25 11:31:37 WARN  - Обнаружена таблица Software Ver. не описывающая Job
2021-06-25 11:31:37 WARN  - Обнаружена таблица Soft-ware Version не описывающая Job
2021-06-25 11:32:10 WARN  - Обнаружена таблица Software Version: не описывающая Job
2021-06-25 11:32:10 WARN  - Обнаружена таблица Software Ver. не описывающая Job
2021-06-25 11:32:10 WARN  - Обнаружена таблица Soft-ware Version не описывающая Job
2021-06-25 11:34:24 WARN  - Обнаружена таблица Software Version: не описывающая Job
2021-06-25 11:34:24 WARN  - Обнаружена таблица Software Ver. не описывающая Job
2021-06-25 11:34:24 WARN  - Обнаружена таблица Soft-ware Version не описывающая Job
2021-06-25 11:57:54 WARN  - Обнаружена таблица Software Version: не описывающая Job
2021-06-25 11:57:54 WARN  - Обнаружена таблица Software Ver. не описывающая Job
2021-06-25 11:57:54 WARN  - Обнаружена таблица Soft-ware Version не описывающая Job
2021-06-25 12:08:37 WARN  - Обнаружена таблица Software Version: не описывающая Job
2021-06-25 12:08:37 WARN  - Обнаружена таблица Software Ver. не описывающая Job
2021-06-25 12:08:37 WARN  - Обнаружена таблица Soft-ware Version не описывающая Job
2021-06-25 12:09:26 WARN  - Обнаружена таблица Software Version: не описывающая Job
2021-06-25 12:09:26 WARN  - Обнаружена таблица Software Ver. не описывающая Job
2021-06-25 12:09:26 WARN  - Обнаружена таблица Soft-ware Version не описывающая Job
2021-06-25 12:17:59 WARN  - Обнаружена таблица Account/FOP:  не описывающая Job
2021-06-25 12:17:59 WARN  - Обнаружена таблица Software Ver. не описывающая Job
2021-06-25 12:17:59 WARN  - Обнаружена таблица File Name and Version: не описывающая Job
2021-06-25 12:29:41 WARN  - Обнаружена таблица Software Version: не описывающая Job
2021-06-25 12:29:41 WARN  - Обнаружена таблица Software Ver. не описывающая Job
2021-06-25 12:29:41 WARN  - Обнаружена таблица Soft-ware Version не описывающая Job
2021-06-25 12:32:49 WARN  - Обнаружена таблица Software Version: не описывающая Job
2021-06-25 12:32:49 WARN  - Обнаружена таблица Software Ver. не описывающая Job
2021-06-25 12:32:49 WARN  - Обнаружена таблица Soft-ware Version не описывающая Job
2021-06-25 12:34:16 WARN  - Обнаружена таблица Software Version: не описывающая Job
2021-06-25 12:34:16 WARN  - Обнаружена таблица Software Ver. не описывающая Job
2021-06-25 12:34:16 WARN  - Обнаружена таблица Soft-ware Version не описывающая Job
2021-06-25 12:37:02 WARN  - Обнаружена таблица Software Version: не описывающая Job
2021-06-25 12:37:02 WARN  - Обнаружена таблица Software Ver. не описывающая Job
2021-06-25 12:37:02 WARN  - Обнаружена таблица Soft-ware Version не описывающая Job
2021-06-25 12:37:35 WARN  - Обнаружена таблица Software Version: не описывающая Job
2021-06-25 12:37:35 WARN  - Обнаружена таблица Software Ver. не описывающая Job
2021-06-25 12:37:35 WARN  - Обнаружена таблица Soft-ware Version не описывающая Job
2021-06-25 12:37:49 WARN  - Обнаружена таблица Software Version: не описывающая Job
2021-06-25 12:37:49 WARN  - Обнаружена таблица Software Ver. не описывающая Job
2021-06-25 12:37:49 WARN  - Обнаружена таблица Soft-ware Version не описывающая Job
2021-06-25 12:38:57 WARN  - Обнаружена таблица Software Version: не описывающая Job
2021-06-25 12:38:57 WARN  - Обнаружена таблица Software Ver. не описывающая Job
2021-06-25 12:38:57 WARN  - Обнаружена таблица Soft-ware Version не описывающая Job
2021-06-25 12:39:51 WARN  - Обнаружена таблица Software Version: не описывающая Job
2021-06-25 12:39:51 WARN  - Обнаружена таблица Software Ver. не описывающая Job
2021-06-25 12:39:51 WARN  - Обнаружена таблица Soft-ware Version не описывающая Job
2021-06-25 12:42:19 WARN  - Обнаружена таблица Account/FOP:  не описывающая Job
2021-06-25 12:42:19 WARN  - Обнаружена таблица Software Ver. не описывающая Job
2021-06-25 12:42:19 WARN  - Обнаружена таблица File Name and Version: не описывающая Job
2021-06-25 12:45:18 WARN  - Обнаружена таблица Account/FOP:  не описывающая Job
2021-06-25 12:45:18 WARN  - Обнаружена таблица Software Ver. не описывающая Job
2021-06-25 12:45:18 WARN  - Обнаружена таблица File Name and Version: не описывающая Job
2021-06-25 12:56:12 WARN  - Обнаружена таблица Software Version: не описывающая Job
2021-06-25 12:56:12 WARN  - Обнаружена таблица Software Ver. не описывающая Job
2021-06-25 13:15:27 WARN  - Обнаружена таблица Software Version: не описывающая Job
2021-06-25 13:15:27 WARN  - Обнаружена таблица Software Ver. не описывающая Job
2021-06-25 13:19:35 WARN  - Обнаружена таблица Software Version: не описывающая Job
2021-06-25 13:19:35 WARN  - Обнаружена таблица Software Ver. не описывающая Job
2021-06-25 13:20:25 WARN  - Обнаружена таблица Software Version: не описывающая Job
2021-06-25 13:28:06 WARN  - Обнаружена таблица Software Ver. не описывающая Job
2021-06-25 13:28:29 WARN  - Обнаружена таблица Software Version: не описывающая Job
2021-06-25 13:28:29 WARN  - Обнаружена таблица Software Ver. не описывающая Job
2021-06-25 13:30:08 WARN  - Обнаружена таблица Software Version: не описывающая Job
2021-06-25 13:30:08 WARN  - Обнаружена таблица Software Ver. не описывающая Job
2021-06-25 13:54:19 WARN  - Обнаружена таблица Software Version: не описывающая Job
2021-06-25 13:54:19 WARN  - Обнаружена таблица Software Ver. не описывающая Job
2021-06-25 14:03:10 WARN  - Обнаружена таблица Software Version: не описывающая Job
2021-06-25 14:06:53 WARN  - Обнаружена таблица Software Version: не описывающая Job
2021-06-25 14:13:07 WARN  - Обнаружена таблица Software Version: не описывающая Job
2021-06-25 14:15:56 WARN  - Обнаружена таблица Software Version: не описывающая Job
2021-06-25 15:53:20 WARN  - Обнаружена таблица Software Version: не описывающая Job
2021-06-25 15:53:20 WARN  - Обнаружена таблица PM9AGRPIEX не описывающая Job
2021-06-25 15:53:20 WARN  - Обнаружена таблица Term не описывающая Job
2021-06-25 15:53:20 WARN  - Обнаружена таблица Software Version не описывающая Job
2021-06-25 15:59:52 WARN  - Обнаружена таблица Software Version: не описывающая Job
2021-06-25 15:59:52 WARN  - Обнаружена таблица PM9AGRPIEX не описывающая Job
2021-06-25 15:59:52 WARN  - Обнаружена таблица Term не описывающая Job
2021-06-25 15:59:52 WARN  - Обнаружена таблица Software Version не описывающая Job
2021-06-25 16:01:12 WARN  - Обнаружена таблица Software Version: не описывающая Job
2021-06-25 16:01:12 WARN  - Обнаружена таблица PM9AGRPIEX не описывающая Job
2021-06-25 16:01:12 WARN  - Обнаружена таблица Term не описывающая Job
2021-06-25 16:01:12 WARN  - Обнаружена таблица Job Name не описывающая Job
2021-06-25 16:01:12 WARN  - Обнаружена таблица Job Name не описывающая Job
2021-06-25 16:01:12 WARN  - Обнаружена таблица Job Name не описывающая Job
2021-06-25 16:01:12 WARN  - Обнаружена таблица Job Name не описывающая Job
2021-06-25 16:01:12 WARN  - Обнаружена таблица Job Name не описывающая Job
2021-06-25 16:01:12 WARN  - Обнаружена таблица Job Name не описывающая Job
2021-06-25 16:01:12 WARN  - Обнаружена таблица Job Name не описывающая Job
2021-06-25 16:01:12 WARN  - Обнаружена таблица Software Version не описывающая Job
2021-06-25 16:05:31 WARN  - Обнаружена таблица Software Version: не описывающая Job
2021-06-25 16:05:31 WARN  - Обнаружена таблица PM9AGRPIEX не описывающая Job
2021-06-25 16:05:31 WARN  - Обнаружена таблица Term не описывающая Job
2021-06-25 16:05:31 WARN  - Обнаружена таблица Job Name не описывающая Job
2021-06-25 16:05:31 WARN  - Обнаружена таблица Job Name не описывающая Job
2021-06-25 16:05:31 WARN  - Обнаружена таблица Job Name не описывающая Job
2021-06-25 16:05:31 WARN  - Обнаружена таблица Job Name не описывающая Job
2021-06-25 16:05:31 WARN  - Обнаружена таблица Job Name не описывающая Job
2021-06-25 16:05:31 WARN  - Обнаружена таблица Job Name не описывающая Job
2021-06-25 16:05:31 WARN  - Обнаружена таблица Job Name не описывающая Job
2021-06-25 16:05:31 WARN  - Обнаружена таблица Software Version не описывающая Job
2021-06-25 16:05:31 WARN  - Обработано и записано: 72 таблиц
2021-06-25 16:18:55 WARN  - Обнаружена таблица Software Version: не описывающая Job
2021-06-25 16:18:55 WARN  - Обнаружена таблица PM9AGRPIEX не описывающая Job
2021-06-25 16:18:55 WARN  - Обнаружена таблица Term не описывающая Job
2021-06-25 16:18:55 WARN  - Обнаружена таблица Job Name не описывающая Job
2021-06-25 16:18:55 WARN  - Обнаружена таблица Job Name не описывающая Job
2021-06-25 16:18:55 WARN  - Обнаружена таблица Job Name не описывающая Job
2021-06-25 16:18:55 WARN  - Обнаружена таблица Job Name не описывающая Job
2021-06-25 16:18:55 WARN  - Обнаружена таблица Job Name не описывающая Job
2021-06-25 16:18:55 WARN  - Обнаружена таблица Job Name не описывающая Job
2021-06-25 16:18:55 WARN  - Обнаружена таблица Job Name не описывающая Job
2021-06-25 16:18:55 WARN  - Обнаружена таблица Software Version не описывающая Job
2021-06-25 16:18:55 WARN  - Обработано и записано: 72 таблиц
2021-06-25 16:21:23 WARN  - Обнаружена таблица Software Version: не описывающая Job
2021-06-25 16:21:23 WARN  - Обнаружена таблица PM9AGRPIEX не описывающая Job
2021-06-25 16:21:23 WARN  - Обнаружена таблица Term не описывающая Job
2021-06-25 16:21:23 WARN  - Обнаружена таблица Job Name не описывающая Job
2021-06-25 16:21:23 WARN  - Обнаружена таблица Job Name не описывающая Job
2021-06-25 16:21:23 WARN  - Обнаружена таблица Job Name не описывающая Job
2021-06-25 16:21:23 WARN  - Обнаружена таблица Job Name не описывающая Job
2021-06-25 16:21:23 WARN  - Обнаружена таблица Job Name не описывающая Job
2021-06-25 16:21:23 WARN  - Обнаружена таблица Job Name не описывающая Job
2021-06-25 16:21:23 WARN  - Обнаружена таблица Job Name не описывающая Job
2021-06-25 16:21:23 WARN  - Обнаружена таблица Software Version не описывающая Job
2021-06-25 16:21:23 WARN  - Обработано и записано: 72 таблиц
2021-06-25 16:25:39 WARN  - Обнаружена таблица Software Version: не описывающая Job
2021-06-25 16:25:39 WARN  - Обнаружена таблица PM9AGRPIEX не описывающая Job
2021-06-25 16:25:39 WARN  - Обнаружена таблица Term не описывающая Job
2021-06-25 16:25:39 WARN  - Обнаружена таблица Job Name не описывающая Job
2021-06-25 16:25:39 WARN  - Обнаружена таблица Job Name не описывающая Job
2021-06-25 16:25:39 WARN  - Обнаружена таблица Job Name не описывающая Job
2021-06-25 16:25:39 WARN  - Обнаружена таблица Job Name не описывающая Job
2021-06-25 16:25:39 WARN  - Обнаружена таблица Job Name не описывающая Job
2021-06-25 16:25:39 WARN  - Обнаружена таблица Job Name не описывающая Job
2021-06-25 16:25:39 WARN  - Обнаружена таблица Job Name не описывающая Job
2021-06-25 16:25:40 WARN  - Обнаружена таблица Software Version не описывающая Job
2021-06-25 16:25:40 WARN  - Обработано и записано: 72 таблиц
2021-06-25 16:27:00 WARN  - Обнаружена таблица Account/FOP:  не описывающая Job
2021-06-25 16:27:00 WARN  - Обнаружена таблица Software Ver. не описывающая Job
2021-06-25 16:27:00 WARN  - Обнаружена таблица File Name and Version: не описывающая Job
2021-06-25 16:27:00 WARN  - Обработано и записано: 40 таблиц
2021-06-25 16:28:45 WARN  - Обнаружена таблица Software Version: не описывающая Job
2021-06-25 16:28:45 WARN  - Обнаружена таблица Software Ver. не описывающая Job
2021-06-25 16:28:45 WARN  - Обнаружена таблица Soft-ware Version не описывающая Job
2021-06-25 16:28:45 WARN  - Обработано и записано: 2 таблиц
2021-06-25 16:30:24 WARN  - Обнаружена таблица Account/FOP:  не описывающая Job
2021-06-25 16:30:24 WARN  - Обнаружена таблица Software Ver. не описывающая Job
2021-06-25 16:30:24 WARN  - Обнаружена таблица File Name and Version: не описывающая Job
2021-06-25 16:30:24 WARN  - Обработано и записано: 12 таблиц
2021-06-25 16:31:56 WARN  - Обнаружена таблица Software Version: не описывающая Job
2021-06-25 16:31:56 WARN  - Обнаружена таблица Software Ver. не описывающая Job
2021-06-25 16:31:56 WARN  - Обработано и записано: 140 таблиц
2021-06-25 16:33:05 WARN  - Обнаружена таблица Software Version: не описывающая Job
2021-06-25 16:33:05 WARN  - Обнаружена таблица Software Ver. не описывающая Job
2021-06-25 16:33:05 INFO  - Обработано и записано: 140 таблиц
2021-06-25 16:34:16 WARN  - Обнаружена таблица Software Version: не описывающая Job
2021-06-25 16:34:16 WARN  - Обнаружена таблица Software Ver. не описывающая Job
2021-06-25 16:34:16 WARN  - Обнаружена таблица Soft-ware Version не описывающая Job
2021-06-25 16:34:16 INFO  - Обработано и записано: 140 таблиц
2021-06-25 16:38:11 WARN  - Обнаружена таблица Software Version: не описывающая Job
2021-06-25 16:38:11 WARN  - Обнаружена таблица Software Ver. не описывающая Job
2021-06-25 16:38:11 INFO  - Обработано и записано: 68 таблиц
2021-06-25 16:40:39 WARN  - Обнаружена таблица Software Version: не описывающая Job
2021-06-25 16:40:39 INFO  - Обработано и записано: 19 таблиц
